<?xml version="1.0" encoding="UTF-8"?>
<!-- Generated by org.testng.reporters.JUnitReportReporter -->
<testsuite hostname="DESKTOP-PN9KDUT" failures="0" tests="1" name="basics.Child1" time="0.015" errors="0" timestamp="2024-06-03T16:57:24 GET" skipped="0">
  <testcase classname="basics.Child1" name="testRun" time="0.015"/>
</testsuite> <!-- basics.Child1 -->
