<?xml version="1.0" encoding="UTF-8"?>
<!-- Generated by org.testng.reporters.JUnitReportReporter -->
<testsuite hostname="DESKTOP-PN9KDUT" failures="0" tests="1" name="extendReports.ExtentReportDemo" time="5.236" errors="0" timestamp="2024-06-06T16:29:32 GET" skipped="0">
  <testcase classname="extendReports.ExtentReportDemo" name="demo" time="5.236"/>
</testsuite> <!-- extendReports.ExtentReportDemo -->
